[debug] [2024-09-08T19:09:17.111Z] ----------------------------------------------------------------------
[debug] [2024-09-08T19:09:17.119Z] Command:       C:\Program Files\nodejs\node.exe C:\Users\yadum\AppData\Roaming\npm\node_modules\firebase-tools\lib\bin\firebase.js deploy
[debug] [2024-09-08T19:09:17.121Z] CLI Version:   13.16.0
[debug] [2024-09-08T19:09:17.121Z] Platform:      win32
[debug] [2024-09-08T19:09:17.121Z] Node Version:  v22.5.1
[debug] [2024-09-08T19:09:17.122Z] Time:          Mon Sep 09 2024 00:39:17 GMT+0530 (India Standard Time)
[debug] [2024-09-08T19:09:17.122Z] ----------------------------------------------------------------------
[debug] 
[debug] [2024-09-08T19:09:17.354Z] > command requires scopes: ["email","openid","https://www.googleapis.com/auth/cloudplatformprojects.readonly","https://www.googleapis.com/auth/firebase","https://www.googleapis.com/auth/cloud-platform"]
[debug] [2024-09-08T19:09:17.356Z] > authorizing via signed-in user (yadumanjeet1234@gmail.com)
[debug] [2024-09-08T19:09:17.356Z] [iam] checking project netflix-gpt-dd457 for permissions ["firebase.projects.get","firebasehosting.sites.update"]
[debug] [2024-09-08T19:09:17.360Z] > refreshing access token with scopes: []
[debug] [2024-09-08T19:09:17.368Z] >>> [apiv2][query] POST https://www.googleapis.com/oauth2/v3/token [none]
[debug] [2024-09-08T19:09:17.368Z] >>> [apiv2][body] POST https://www.googleapis.com/oauth2/v3/token [omitted]
[debug] [2024-09-08T19:09:17.596Z] *** [apiv2] error from fetch(https://www.googleapis.com/oauth2/v3/token, {"headers":{},"method":"POST","body":{"_overheadLength":545,"_valueLength":212,"_valuesToMeasure":[],"writable":false,"readable":true,"dataSize":0,"maxDataSize":2097152,"pauseStreams":true,"_released":true,"_streams":[],"_currentStream":null,"_insideLoop":false,"_pendingNext":false,"_boundary":"--------------------------162931690600580888507530","_events":{},"_eventsCount":1}}): FetchError: request to https://www.googleapis.com/oauth2/v3/token failed, reason: getaddrinfo ENOTFOUND www.googleapis.com
[debug] [2024-09-08T19:09:17.597Z] [iam] error while checking permissions, command may fail: FirebaseError: Authentication Error: Your credentials are no longer valid. Please run firebase login --reauth

For CI servers and headless environments, generate a new token with firebase login:ci
[debug] [2024-09-08T19:09:17.598Z] > refreshing access token with scopes: []
[debug] [2024-09-08T19:09:17.600Z] >>> [apiv2][query] POST https://www.googleapis.com/oauth2/v3/token [none]
[debug] [2024-09-08T19:09:17.600Z] >>> [apiv2][body] POST https://www.googleapis.com/oauth2/v3/token [omitted]
[debug] [2024-09-08T19:09:17.659Z] *** [apiv2] error from fetch(https://www.googleapis.com/oauth2/v3/token, {"headers":{},"method":"POST","body":{"_overheadLength":545,"_valueLength":212,"_valuesToMeasure":[],"writable":false,"readable":true,"dataSize":0,"maxDataSize":2097152,"pauseStreams":true,"_released":true,"_streams":[],"_currentStream":null,"_insideLoop":false,"_pendingNext":false,"_boundary":"--------------------------864758388688532955354507","_events":{},"_eventsCount":1}}): FetchError: request to https://www.googleapis.com/oauth2/v3/token failed, reason: getaddrinfo ENOTFOUND www.googleapis.com
[debug] [2024-09-08T19:09:17.660Z] Authentication Error: Your credentials are no longer valid. Please run firebase login --reauth

For CI servers and headless environments, generate a new token with firebase login:ci
[error] 
[error] Error: Assertion failed: resolving hosting target of a site with no site name or target name. This should have caused an error earlier
